e:\4276914_ruofei_qian_software\ashta-chamma\debug\courseworkbase.bsc
e:\4276914_ruofei_qian_software\ashta-chamma\debug\vc120.pdb
e:\4276914_ruofei_qian_software\ashta-chamma\debug\vc120.idb
e:\4276914_ruofei_qian_software\ashta-chamma\debug\mainfunction.sbr
e:\4276914_ruofei_qian_software\ashta-chamma\debug\baseengine.sbr
e:\4276914_ruofei_qian_software\ashta-chamma\debug\displayableobject.sbr
e:\4276914_ruofei_qian_software\ashta-chamma\debug\fontmanager.sbr
e:\4276914_ruofei_qian_software\ashta-chamma\debug\jpgimage.sbr
e:\4276914_ruofei_qian_software\ashta-chamma\debug\myengine.sbr
e:\4276914_ruofei_qian_software\ashta-chamma\debug\mytilemanager.sbr
e:\4276914_ruofei_qian_software\ashta-chamma\debug\playrules.sbr
e:\4276914_ruofei_qian_software\ashta-chamma\debug\tilemanager.sbr
e:\4276914_ruofei_qian_software\ashta-chamma\debug\tilemanager.obj
e:\4276914_ruofei_qian_software\ashta-chamma\debug\playrules.obj
e:\4276914_ruofei_qian_software\ashta-chamma\debug\mytilemanager.obj
e:\4276914_ruofei_qian_software\ashta-chamma\debug\myengine.obj
e:\4276914_ruofei_qian_software\ashta-chamma\debug\jpgimage.obj
e:\4276914_ruofei_qian_software\ashta-chamma\debug\fontmanager.obj
e:\4276914_ruofei_qian_software\ashta-chamma\debug\displayableobject.obj
e:\4276914_ruofei_qian_software\ashta-chamma\debug\baseengine.obj
e:\4276914_ruofei_qian_software\ashta-chamma\debug\mainfunction.obj
e:\4276914_ruofei_qian_software\ashta-chamma\debug\courseworkbase.ilk
e:\4276914_ruofei_qian_software\ashta-chamma\debug\courseworkbase.exe
e:\4276914_ruofei_qian_software\ashta-chamma\src\map
e:\4276914_ruofei_qian_software\ashta-chamma\debug\courseworkbase.pdb
e:\4276914_ruofei_qian_software\ashta-chamma\debug\courseworkbase.res
e:\4276914_ruofei_qian_software\ashta-chamma\/debug\courseworkbase.pdb
e:\4276914_ruofei_qian_software\ashta-chamma\/debug\courseworkbase.exe
e:\4276914_ruofei_qian_software\ashta-chamma\/debug\courseworkbase.bsc
e:\4276914_ruofei_qian_software\ashta-chamma\/debug\courseworkbase.ilk
e:\4276914_ruofei_qian_software\ashta-chamma\debug\courseworkbase.tlog\bscmake.command.1.tlog
e:\4276914_ruofei_qian_software\ashta-chamma\debug\courseworkbase.tlog\bscmake.read.1.tlog
e:\4276914_ruofei_qian_software\ashta-chamma\debug\courseworkbase.tlog\bscmake.write.1.tlog
e:\4276914_ruofei_qian_software\ashta-chamma\debug\courseworkbase.tlog\cl.command.1.tlog
e:\4276914_ruofei_qian_software\ashta-chamma\debug\courseworkbase.tlog\cl.read.1.tlog
e:\4276914_ruofei_qian_software\ashta-chamma\debug\courseworkbase.tlog\cl.write.1.tlog
e:\4276914_ruofei_qian_software\ashta-chamma\debug\courseworkbase.tlog\link.command.1.tlog
e:\4276914_ruofei_qian_software\ashta-chamma\debug\courseworkbase.tlog\link.read.1.tlog
e:\4276914_ruofei_qian_software\ashta-chamma\debug\courseworkbase.tlog\link.write.1.tlog
e:\4276914_ruofei_qian_software\ashta-chamma\debug\courseworkbase.tlog\rc.command.1.tlog
e:\4276914_ruofei_qian_software\ashta-chamma\debug\courseworkbase.tlog\rc.read.1.tlog
e:\4276914_ruofei_qian_software\ashta-chamma\debug\courseworkbase.tlog\rc.write.1.tlog
